# JRE version: OpenJDK Runtime Environment (11.0.13) (build 11.0.13+0-b1751.21-8125866)
# Java VM: OpenJDK 64-Bit Server VM (11.0.13+0-b1751.21-8125866, mixed mode, tiered, compressed oops, g1 gc, windows-amd64)
Heap:
 garbage-first heap   total 195584K, used 92166K [0x0000000080000000, 0x0000000100000000)
  region size 1024K, 4 young (4096K), 4 survivors (4096K)
 Metaspace       used 58988K, capacity 60558K, committed 60800K, reserved 1101824K
  class space    used 7457K, capacity 7981K, committed 8064K, reserved 1048576K
GC Heap History (20 events):
Event: 6.690 GC heap after
{Heap after GC invocations=39 (full 0):
 garbage-first heap   total 112640K, used 70635K [0x0000000080000000, 0x0000000100000000)
  region size 1024K, 2 young (2048K), 2 survivors (2048K)
 Metaspace       used 46176K, capacity 47318K, committed 47488K, reserved 1091584K
  class space    used 5782K, capacity 6201K, committed 6272K, reserved 1048576K
}
Event: 6.882 GC heap before
{Heap before GC invocations=39 (full 0):
 garbage-first heap   total 112640K, used 91115K [0x0000000080000000, 0x0000000100000000)
  region size 1024K, 22 young (22528K), 2 survivors (2048K)
 Metaspace       used 47292K, capacity 48570K, committed 48768K, reserved 1091584K
  class space    used 5964K, capacity 6425K, committed 6528K, reserved 1048576K
}
Event: 6.887 GC heap after
{Heap after GC invocations=40 (full 0):
 garbage-first heap   total 135168K, used 72082K [0x0000000080000000, 0x0000000100000000)
  region size 1024K, 2 young (2048K), 2 survivors (2048K)
 Metaspace       used 47292K, capacity 48570K, committed 48768K, reserved 1091584K
  class space    used 5964K, capacity 6425K, committed 6528K, reserved 1048576K
}
Event: 6.942 GC heap before
{Heap before GC invocations=41 (full 0):
 garbage-first heap   total 135168K, used 76178K [0x0000000080000000, 0x0000000100000000)
  region size 1024K, 7 young (7168K), 2 survivors (2048K)
 Metaspace       used 47641K, capacity 48974K, committed 49024K, reserved 1091584K
  class space    used 6029K, capacity 6496K, committed 6528K, reserved 1048576K
}
Event: 6.946 GC heap after
{Heap after GC invocations=42 (full 0):
 garbage-first heap   total 135168K, used 72309K [0x0000000080000000, 0x0000000100000000)
  region size 1024K, 2 young (2048K), 2 survivors (2048K)
 Metaspace       used 47641K, capacity 48974K, committed 49024K, reserved 1091584K
  class space    used 6029K, capacity 6496K, committed 6528K, reserved 1048576K
}
Event: 7.263 GC heap before
{Heap before GC invocations=43 (full 0):
 garbage-first heap   total 135168K, used 105077K [0x0000000080000000, 0x0000000100000000)
  region size 1024K, 29 young (29696K), 2 survivors (2048K)
 Metaspace       used 49550K, capacity 50927K, committed 51200K, reserved 1093632K
  class space    used 6345K, capacity 6827K, committed 6912K, reserved 1048576K
}
Event: 7.266 GC heap after
{Heap after GC invocations=44 (full 0):
 garbage-first heap   total 135168K, used 79275K [0x0000000080000000, 0x0000000100000000)
  region size 1024K, 4 young (4096K), 4 survivors (4096K)
 Metaspace       used 49550K, capacity 50927K, committed 51200K, reserved 1093632K
  class space    used 6345K, capacity 6827K, committed 6912K, reserved 1048576K
}
Event: 8.905 GC heap before
{Heap before GC invocations=44 (full 0):
 garbage-first heap   total 135168K, used 104875K [0x0000000080000000, 0x0000000100000000)
  region size 1024K, 29 young (29696K), 4 survivors (4096K)
 Metaspace       used 51018K, capacity 52487K, committed 52608K, reserved 1095680K
  class space    used 6505K, capacity 7023K, committed 7040K, reserved 1048576K
}
Event: 8.911 GC heap after
{Heap after GC invocations=45 (full 0):
 garbage-first heap   total 135168K, used 80358K [0x0000000080000000, 0x0000000100000000)
  region size 1024K, 3 young (3072K), 3 survivors (3072K)
 Metaspace       used 51018K, capacity 52487K, committed 52608K, reserved 1095680K
  class space    used 6505K, capacity 7023K, committed 7040K, reserved 1048576K
}
Event: 9.395 GC heap before
{Heap before GC invocations=46 (full 0):
 garbage-first heap   total 135168K, used 93670K [0x0000000080000000, 0x0000000100000000)
  region size 1024K, 18 young (18432K), 3 survivors (3072K)
 Metaspace       used 51421K, capacity 52936K, committed 53248K, reserved 1095680K
  class space    used 6536K, capacity 7059K, committed 7168K, reserved 1048576K
}
Event: 9.399 GC heap after
{Heap after GC invocations=47 (full 0):
 garbage-first heap   total 162816K, used 81308K [0x0000000080000000, 0x0000000100000000)
  region size 1024K, 2 young (2048K), 2 survivors (2048K)
 Metaspace       used 51421K, capacity 52936K, committed 53248K, reserved 1095680K
  class space    used 6536K, capacity 7059K, committed 7168K, reserved 1048576K
}
Event: 9.673 GC heap before
{Heap before GC invocations=48 (full 0):
 garbage-first heap   total 162816K, used 84380K [0x0000000080000000, 0x0000000100000000)
  region size 1024K, 5 young (5120K), 2 survivors (2048K)
 Metaspace       used 51526K, capacity 53054K, committed 53248K, reserved 1095680K
  class space    used 6551K, capacity 7101K, committed 7168K, reserved 1048576K
}
Event: 9.678 GC heap after
{Heap after GC invocations=49 (full 0):
 garbage-first heap   total 162816K, used 83668K [0x0000000080000000, 0x0000000100000000)
  region size 1024K, 4 young (4096K), 4 survivors (4096K)
 Metaspace       used 51526K, capacity 53054K, committed 53248K, reserved 1095680K
  class space    used 6551K, capacity 7101K, committed 7168K, reserved 1048576K
}
Event: 10.688 GC heap before
{Heap before GC invocations=50 (full 0):
 garbage-first heap   total 162816K, used 112340K [0x0000000080000000, 0x0000000100000000)
  region size 1024K, 31 young (31744K), 4 survivors (4096K)
 Metaspace       used 54418K, capacity 56000K, committed 56192K, reserved 1097728K
  class space    used 6921K, capacity 7465K, committed 7552K, reserved 1048576K
}
Event: 10.693 GC heap after
{Heap after GC invocations=51 (full 0):
 garbage-first heap   total 162816K, used 86933K [0x0000000080000000, 0x0000000100000000)
  region size 1024K, 4 young (4096K), 4 survivors (4096K)
 Metaspace       used 54418K, capacity 56000K, committed 56192K, reserved 1097728K
  class space    used 6921K, capacity 7465K, committed 7552K, reserved 1048576K
}
Event: 10.794 GC heap before
{Heap before GC invocations=51 (full 0):
 garbage-first heap   total 162816K, used 90005K [0x0000000080000000, 0x0000000100000000)
  region size 1024K, 9 young (9216K), 4 survivors (4096K)
 Metaspace       used 54976K, capacity 56637K, committed 56832K, reserved 1097728K
  class space    used 6989K, capacity 7569K, committed 7680K, reserved 1048576K
}
Event: 10.800 GC heap after
{Heap after GC invocations=52 (full 0):
 garbage-first heap   total 162816K, used 88174K [0x0000000080000000, 0x0000000100000000)
  region size 1024K, 4 young (4096K), 4 survivors (4096K)
 Metaspace       used 54976K, capacity 56637K, committed 56832K, reserved 1097728K
  class space    used 6989K, capacity 7569K, committed 7680K, reserved 1048576K
}
Event: 11.878 GC heap before
{Heap before GC invocations=53 (full 0):
 garbage-first heap   total 162816K, used 95342K [0x0000000080000000, 0x0000000100000000)
  region size 1024K, 12 young (12288K), 4 survivors (4096K)
 Metaspace       used 55160K, capacity 56821K, committed 57088K, reserved 1099776K
  class space    used 7016K, capacity 7566K, committed 7680K, reserved 1048576K
}
Event: 11.885 GC heap after
{Heap after GC invocations=54 (full 0):
 garbage-first heap   total 162816K, used 88979K [0x0000000080000000, 0x0000000100000000)
  region size 1024K, 3 young (3072K), 3 survivors (3072K)
 Metaspace       used 55160K, capacity 56821K, committed 57088K, reserved 1099776K
  class space    used 7016K, capacity 7566K, committed 7680K, reserved 1048576K
}
Event: 12.787 GC heap before
{Heap before GC invocations=55 (full 0):
 garbage-first heap   total 162816K, used 117651K [0x0000000080000000, 0x0000000100000000)
  region size 1024K, 29 young (29696K), 3 survivors (3072K)
 Metaspace       used 58988K, capacity 60558K, committed 60800K, reserved 1101824K
  class space    used 7457K, capacity 7981K, committed 8064K, reserved 1048576K
}

