# JRE version: OpenJDK Runtime Environment (11.0.13) (build 11.0.13+0-b1751.21-8125866)
# Java VM: OpenJDK 64-Bit Server VM (11.0.13+0-b1751.21-8125866, mixed mode, tiered, compressed oops, g1 gc, windows-amd64)
Heap:
 garbage-first heap   total 76800K, used 43821K [0x0000000080000000, 0x0000000100000000)
  region size 1024K, 13 young (13312K), 4 survivors (4096K)
 Metaspace       used 58582K, capacity 59832K, committed 60112K, reserved 1101824K
  class space    used 7437K, capacity 7881K, committed 7936K, reserved 1048576K
GC Heap History (20 events):
Event: 6.291 GC heap before
{Heap before GC invocations=10 (full 0):
 garbage-first heap   total 76800K, used 47711K [0x0000000080000000, 0x0000000100000000)
  region size 1024K, 30 young (30720K), 3 survivors (3072K)
 Metaspace       used 31189K, capacity 31871K, committed 32128K, reserved 1077248K
  class space    used 4125K, capacity 4384K, committed 4480K, reserved 1048576K
}
Event: 6.297 GC heap after
{Heap after GC invocations=11 (full 0):
 garbage-first heap   total 76800K, used 20768K [0x0000000080000000, 0x0000000100000000)
  region size 1024K, 3 young (3072K), 3 survivors (3072K)
 Metaspace       used 31189K, capacity 31871K, committed 32128K, reserved 1077248K
  class space    used 4125K, capacity 4384K, committed 4480K, reserved 1048576K
}
Event: 7.022 GC heap before
{Heap before GC invocations=11 (full 0):
 garbage-first heap   total 76800K, used 32032K [0x0000000080000000, 0x0000000100000000)
  region size 1024K, 15 young (15360K), 3 survivors (3072K)
 Metaspace       used 35152K, capacity 35927K, committed 36048K, reserved 1081344K
  class space    used 4504K, capacity 4801K, committed 4864K, reserved 1048576K
}
Event: 7.035 GC heap after
{Heap after GC invocations=12 (full 0):
 garbage-first heap   total 76800K, used 22959K [0x0000000080000000, 0x0000000100000000)
  region size 1024K, 4 young (4096K), 4 survivors (4096K)
 Metaspace       used 35152K, capacity 35927K, committed 36048K, reserved 1081344K
  class space    used 4504K, capacity 4801K, committed 4864K, reserved 1048576K
}
Event: 7.614 GC heap before
{Heap before GC invocations=13 (full 0):
 garbage-first heap   total 76800K, used 48559K [0x0000000080000000, 0x0000000100000000)
  region size 1024K, 30 young (30720K), 4 survivors (4096K)
 Metaspace       used 36932K, capacity 37827K, committed 38096K, reserved 1083392K
  class space    used 4691K, capacity 5025K, committed 5120K, reserved 1048576K
}
Event: 7.621 GC heap after
{Heap after GC invocations=14 (full 0):
 garbage-first heap   total 76800K, used 25320K [0x0000000080000000, 0x0000000100000000)
  region size 1024K, 3 young (3072K), 3 survivors (3072K)
 Metaspace       used 36932K, capacity 37827K, committed 38096K, reserved 1083392K
  class space    used 4691K, capacity 5025K, committed 5120K, reserved 1048576K
}
Event: 8.503 GC heap before
{Heap before GC invocations=14 (full 0):
 garbage-first heap   total 76800K, used 50920K [0x0000000080000000, 0x0000000100000000)
  region size 1024K, 29 young (29696K), 3 survivors (3072K)
 Metaspace       used 40211K, capacity 41111K, committed 41424K, reserved 1085440K
  class space    used 5231K, capacity 5567K, committed 5632K, reserved 1048576K
}
Event: 8.507 GC heap after
{Heap after GC invocations=15 (full 0):
 garbage-first heap   total 76800K, used 26505K [0x0000000080000000, 0x0000000100000000)
  region size 1024K, 2 young (2048K), 2 survivors (2048K)
 Metaspace       used 40211K, capacity 41111K, committed 41424K, reserved 1085440K
  class space    used 5231K, capacity 5567K, committed 5632K, reserved 1048576K
}
Event: 9.721 GC heap before
{Heap before GC invocations=15 (full 0):
 garbage-first heap   total 76800K, used 54153K [0x0000000080000000, 0x0000000100000000)
  region size 1024K, 29 young (29696K), 2 survivors (2048K)
 Metaspace       used 44101K, capacity 45068K, committed 45136K, reserved 1089536K
  class space    used 5649K, capacity 6008K, committed 6016K, reserved 1048576K
}
Event: 9.726 GC heap after
{Heap after GC invocations=16 (full 0):
 garbage-first heap   total 76800K, used 28310K [0x0000000080000000, 0x0000000100000000)
  region size 1024K, 4 young (4096K), 4 survivors (4096K)
 Metaspace       used 44101K, capacity 45068K, committed 45136K, reserved 1089536K
  class space    used 5649K, capacity 6008K, committed 6016K, reserved 1048576K
}
Event: 10.637 GC heap before
{Heap before GC invocations=16 (full 0):
 garbage-first heap   total 76800K, used 58006K [0x0000000080000000, 0x0000000100000000)
  region size 1024K, 30 young (30720K), 4 survivors (4096K)
 Metaspace       used 45822K, capacity 46805K, committed 46928K, reserved 1089536K
  class space    used 5812K, capacity 6180K, committed 6272K, reserved 1048576K
}
Event: 10.644 GC heap after
{Heap after GC invocations=17 (full 0):
 garbage-first heap   total 76800K, used 30340K [0x0000000080000000, 0x0000000100000000)
  region size 1024K, 4 young (4096K), 4 survivors (4096K)
 Metaspace       used 45822K, capacity 46805K, committed 46928K, reserved 1089536K
  class space    used 5812K, capacity 6180K, committed 6272K, reserved 1048576K
}
Event: 11.392 GC heap before
{Heap before GC invocations=17 (full 0):
 garbage-first heap   total 76800K, used 56964K [0x0000000080000000, 0x0000000100000000)
  region size 1024K, 30 young (30720K), 4 survivors (4096K)
 Metaspace       used 48102K, capacity 49156K, committed 49360K, reserved 1091584K
  class space    used 6173K, capacity 6573K, committed 6656K, reserved 1048576K
}
Event: 11.398 GC heap after
{Heap after GC invocations=18 (full 0):
 garbage-first heap   total 76800K, used 31649K [0x0000000080000000, 0x0000000100000000)
  region size 1024K, 4 young (4096K), 4 survivors (4096K)
 Metaspace       used 48102K, capacity 49156K, committed 49360K, reserved 1091584K
  class space    used 6173K, capacity 6573K, committed 6656K, reserved 1048576K
}
Event: 12.184 GC heap before
{Heap before GC invocations=18 (full 0):
 garbage-first heap   total 76800K, used 59297K [0x0000000080000000, 0x0000000100000000)
  region size 1024K, 30 young (30720K), 4 survivors (4096K)
 Metaspace       used 50283K, capacity 51474K, committed 51664K, reserved 1093632K
  class space    used 6378K, capacity 6810K, committed 6912K, reserved 1048576K
}
Event: 12.190 GC heap after
{Heap after GC invocations=19 (full 0):
 garbage-first heap   total 76800K, used 32545K [0x0000000080000000, 0x0000000100000000)
  region size 1024K, 3 young (3072K), 3 survivors (3072K)
 Metaspace       used 50283K, capacity 51474K, committed 51664K, reserved 1093632K
  class space    used 6378K, capacity 6810K, committed 6912K, reserved 1048576K
}
Event: 13.104 GC heap before
{Heap before GC invocations=19 (full 0):
 garbage-first heap   total 76800K, used 59169K [0x0000000080000000, 0x0000000100000000)
  region size 1024K, 29 young (29696K), 3 survivors (3072K)
 Metaspace       used 52143K, capacity 53338K, committed 53712K, reserved 1095680K
  class space    used 6648K, capacity 7049K, committed 7168K, reserved 1048576K
}
Event: 13.109 GC heap after
{Heap after GC invocations=20 (full 0):
 garbage-first heap   total 76800K, used 33020K [0x0000000080000000, 0x0000000100000000)
  region size 1024K, 3 young (3072K), 3 survivors (3072K)
 Metaspace       used 52143K, capacity 53338K, committed 53712K, reserved 1095680K
  class space    used 6648K, capacity 7049K, committed 7168K, reserved 1048576K
}
Event: 14.228 GC heap before
{Heap before GC invocations=20 (full 0):
 garbage-first heap   total 76800K, used 59644K [0x0000000080000000, 0x0000000100000000)
  region size 1024K, 30 young (30720K), 3 survivors (3072K)
 Metaspace       used 56229K, capacity 57506K, committed 57808K, reserved 1099776K
  class space    used 7138K, capacity 7601K, committed 7680K, reserved 1048576K
}
Event: 14.236 GC heap after
{Heap after GC invocations=21 (full 0):
 garbage-first heap   total 76800K, used 35629K [0x0000000080000000, 0x0000000100000000)
  region size 1024K, 4 young (4096K), 4 survivors (4096K)
 Metaspace       used 56229K, capacity 57506K, committed 57808K, reserved 1099776K
  class space    used 7138K, capacity 7601K, committed 7680K, reserved 1048576K
}

