# JRE version: OpenJDK Runtime Environment (11.0.13) (build 11.0.13+0-b1751.21-8125866)
# Java VM: OpenJDK 64-Bit Server VM (11.0.13+0-b1751.21-8125866, mixed mode, tiered, compressed oops, g1 gc, windows-amd64)
Heap:
 garbage-first heap   total 161792K, used 97756K [0x0000000080000000, 0x0000000100000000)
  region size 1024K, 25 young (25600K), 4 survivors (4096K)
 Metaspace       used 49191K, capacity 50638K, committed 50816K, reserved 1093632K
  class space    used 6281K, capacity 6773K, committed 6784K, reserved 1048576K
GC Heap History (20 events):
Event: 6.608 GC heap before
{Heap before GC invocations=32 (full 0):
 garbage-first heap   total 76800K, used 57988K [0x0000000080000000, 0x0000000100000000)
  region size 1024K, 13 young (13312K), 2 survivors (2048K)
 Metaspace       used 39096K, capacity 40171K, committed 40320K, reserved 1083392K
  class space    used 5030K, capacity 5431K, committed 5504K, reserved 1048576K
}
Event: 6.614 GC heap after
{Heap after GC invocations=33 (full 0):
 garbage-first heap   total 76800K, used 49274K [0x0000000080000000, 0x0000000100000000)
  region size 1024K, 2 young (2048K), 2 survivors (2048K)
 Metaspace       used 39096K, capacity 40171K, committed 40320K, reserved 1083392K
  class space    used 5030K, capacity 5431K, committed 5504K, reserved 1048576K
}
Event: 6.656 GC heap before
{Heap before GC invocations=34 (full 0):
 garbage-first heap   total 76800K, used 59514K [0x0000000080000000, 0x0000000100000000)
  region size 1024K, 12 young (12288K), 2 survivors (2048K)
 Metaspace       used 39106K, capacity 40235K, committed 40320K, reserved 1083392K
  class space    used 5030K, capacity 5431K, committed 5504K, reserved 1048576K
}
Event: 6.659 GC heap after
{Heap after GC invocations=35 (full 0):
 garbage-first heap   total 103424K, used 50033K [0x0000000080000000, 0x0000000100000000)
  region size 1024K, 2 young (2048K), 2 survivors (2048K)
 Metaspace       used 39106K, capacity 40235K, committed 40320K, reserved 1083392K
  class space    used 5030K, capacity 5431K, committed 5504K, reserved 1048576K
}
Event: 6.801 GC heap before
{Heap before GC invocations=35 (full 0):
 garbage-first heap   total 103424K, used 62321K [0x0000000080000000, 0x0000000100000000)
  region size 1024K, 16 young (16384K), 2 survivors (2048K)
 Metaspace       used 39619K, capacity 40678K, committed 40832K, reserved 1085440K
  class space    used 5083K, capacity 5468K, committed 5504K, reserved 1048576K
}
Event: 6.805 GC heap after
{Heap after GC invocations=36 (full 0):
 garbage-first heap   total 103424K, used 51941K [0x0000000080000000, 0x0000000100000000)
  region size 1024K, 3 young (3072K), 3 survivors (3072K)
 Metaspace       used 39619K, capacity 40678K, committed 40832K, reserved 1085440K
  class space    used 5083K, capacity 5468K, committed 5504K, reserved 1048576K
}
Event: 7.100 GC heap before
{Heap before GC invocations=37 (full 0):
 garbage-first heap   total 103424K, used 77541K [0x0000000080000000, 0x0000000100000000)
  region size 1024K, 25 young (25600K), 3 survivors (3072K)
 Metaspace       used 42150K, capacity 43258K, committed 43520K, reserved 1087488K
  class space    used 5362K, capacity 5773K, committed 5888K, reserved 1048576K
}
Event: 7.104 GC heap after
{Heap after GC invocations=38 (full 0):
 garbage-first heap   total 103424K, used 52610K [0x0000000080000000, 0x0000000100000000)
  region size 1024K, 3 young (3072K), 3 survivors (3072K)
 Metaspace       used 42150K, capacity 43258K, committed 43520K, reserved 1087488K
  class space    used 5362K, capacity 5773K, committed 5888K, reserved 1048576K
}
Event: 7.446 GC heap before
{Heap before GC invocations=38 (full 0):
 garbage-first heap   total 103424K, used 72066K [0x0000000080000000, 0x0000000100000000)
  region size 1024K, 24 young (24576K), 3 survivors (3072K)
 Metaspace       used 43544K, capacity 44699K, committed 44928K, reserved 1087488K
  class space    used 5562K, capacity 5992K, committed 6016K, reserved 1048576K
}
Event: 7.452 GC heap after
{Heap after GC invocations=39 (full 0):
 garbage-first heap   total 103424K, used 53643K [0x0000000080000000, 0x0000000100000000)
  region size 1024K, 3 young (3072K), 3 survivors (3072K)
 Metaspace       used 43544K, capacity 44699K, committed 44928K, reserved 1087488K
  class space    used 5562K, capacity 5992K, committed 6016K, reserved 1048576K
}
Event: 7.543 GC heap before
{Heap before GC invocations=40 (full 0):
 garbage-first heap   total 103424K, used 58763K [0x0000000080000000, 0x0000000100000000)
  region size 1024K, 4 young (4096K), 3 survivors (3072K)
 Metaspace       used 43552K, capacity 44699K, committed 44928K, reserved 1087488K
  class space    used 5562K, capacity 5992K, committed 6016K, reserved 1048576K
}
Event: 7.548 GC heap after
{Heap after GC invocations=41 (full 0):
 garbage-first heap   total 128000K, used 59307K [0x0000000080000000, 0x0000000100000000)
  region size 1024K, 3 young (3072K), 3 survivors (3072K)
 Metaspace       used 43552K, capacity 44699K, committed 44928K, reserved 1087488K
  class space    used 5562K, capacity 5992K, committed 6016K, reserved 1048576K
}
Event: 7.614 GC heap before
{Heap before GC invocations=42 (full 0):
 garbage-first heap   total 128000K, used 62379K [0x0000000080000000, 0x0000000100000000)
  region size 1024K, 4 young (4096K), 3 survivors (3072K)
 Metaspace       used 43552K, capacity 44699K, committed 44928K, reserved 1087488K
  class space    used 5562K, capacity 5992K, committed 6016K, reserved 1048576K
}
Event: 7.620 GC heap after
{Heap after GC invocations=43 (full 0):
 garbage-first heap   total 128000K, used 63291K [0x0000000080000000, 0x0000000100000000)
  region size 1024K, 4 young (4096K), 4 survivors (4096K)
 Metaspace       used 43552K, capacity 44699K, committed 44928K, reserved 1087488K
  class space    used 5562K, capacity 5992K, committed 6016K, reserved 1048576K
}
Event: 7.787 GC heap before
{Heap before GC invocations=44 (full 0):
 garbage-first heap   total 128000K, used 81723K [0x0000000080000000, 0x0000000100000000)
  region size 1024K, 19 young (19456K), 4 survivors (4096K)
 Metaspace       used 44273K, capacity 45515K, committed 45568K, reserved 1089536K
  class space    used 5641K, capacity 6091K, committed 6144K, reserved 1048576K
}
Event: 7.794 GC heap after
{Heap after GC invocations=45 (full 0):
 garbage-first heap   total 128000K, used 69518K [0x0000000080000000, 0x0000000100000000)
  region size 1024K, 4 young (4096K), 4 survivors (4096K)
 Metaspace       used 44273K, capacity 45515K, committed 45568K, reserved 1089536K
  class space    used 5641K, capacity 6091K, committed 6144K, reserved 1048576K
}
Event: 8.107 GC heap before
{Heap before GC invocations=46 (full 0):
 garbage-first heap   total 128000K, used 94094K [0x0000000080000000, 0x0000000100000000)
  region size 1024K, 28 young (28672K), 4 survivors (4096K)
 Metaspace       used 46240K, capacity 47452K, committed 47488K, reserved 1091584K
  class space    used 5792K, capacity 6265K, committed 6272K, reserved 1048576K
}
Event: 8.111 GC heap after
{Heap after GC invocations=47 (full 0):
 garbage-first heap   total 128000K, used 70574K [0x0000000080000000, 0x0000000100000000)
  region size 1024K, 4 young (4096K), 4 survivors (4096K)
 Metaspace       used 46240K, capacity 47452K, committed 47488K, reserved 1091584K
  class space    used 5792K, capacity 6265K, committed 6272K, reserved 1048576K
}
Event: 8.414 GC heap before
{Heap before GC invocations=47 (full 0):
 garbage-first heap   total 128000K, used 93102K [0x0000000080000000, 0x0000000100000000)
  region size 1024K, 27 young (27648K), 4 survivors (4096K)
 Metaspace       used 47658K, capacity 48981K, committed 49024K, reserved 1091584K
  class space    used 6033K, capacity 6497K, committed 6528K, reserved 1048576K
}
Event: 8.421 GC heap after
{Heap after GC invocations=48 (full 0):
 garbage-first heap   total 161792K, used 72156K [0x0000000080000000, 0x0000000100000000)
  region size 1024K, 4 young (4096K), 4 survivors (4096K)
 Metaspace       used 47658K, capacity 48981K, committed 49024K, reserved 1091584K
  class space    used 6033K, capacity 6497K, committed 6528K, reserved 1048576K
}

